2010-06-27 22:06:27 Error: Looking up http://scores.espn.go.com/mlb/scoreboard?date=20100628
2010-06-27 22:06:28 Error: Saving 11 game(s)
2010-06-27 22:06:28 Error: Looking up http://scores.espn.go.com/nba/scoreboard?date=20100628
2010-06-27 22:06:29 Error: Saving 0 game(s)
2010-06-29 00:32:01 Warning: Warning (512): <span style="color:Red;text-align:left"><b>SQL Error:</b> 1064: You have an error in your SQL syntax; check the manual that corresponds to your MySQL server version for the right syntax to use near 'contains' at line 1</span> in [/home/loyd/ss2/src/cake/libs/model/datasources/dbo_source.php, line 666]
2010-06-29 00:32:02 Warning: Warning (512): <span style="color:Red;text-align:left"><b>SQL Error:</b> 1064: You have an error in your SQL syntax; check the manual that corresponds to your MySQL server version for the right syntax to use near 'contains' at line 1</span> in [/home/loyd/ss2/src/cake/libs/model/datasources/dbo_source.php, line 666]
2010-06-29 00:32:39 Warning: Warning (512): <span style="color:Red;text-align:left"><b>SQL Error:</b> 1064: You have an error in your SQL syntax; check the manual that corresponds to your MySQL server version for the right syntax to use near 'contains' at line 1</span> in [/home/loyd/ss2/src/cake/libs/model/datasources/dbo_source.php, line 666]
2010-06-29 01:13:07 Warning: Warning (512): <span style="color:Red;text-align:left"><b>SQL Error:</b> 1054: Unknown column 'league_id' in 'where clause'</span> in [/home/loyd/ss2/src/cake/libs/model/datasources/dbo_source.php, line 666]
2010-06-29 01:13:07 Warning: Warning (2): Invalid argument supplied for foreach() in [/home/loyd/ss2/src/app/models/score.php, line 63]
2010-06-29 19:04:51 Warning: Warning (2): preg_match() [<a href='http://php.net/function.preg-match'>function.preg-match</a>]: Unknown modifier '+' in [/home/loyd/ss2/src/app/controllers/bets_controller.php, line 22]
2010-06-29 19:04:51 Warning: Warning (2): preg_match() [<a href='http://php.net/function.preg-match'>function.preg-match</a>]: Unknown modifier '+' in [/home/loyd/ss2/src/app/controllers/bets_controller.php, line 27]
2010-06-29 19:04:57 Warning: Warning (2): preg_match() [<a href='http://php.net/function.preg-match'>function.preg-match</a>]: Unknown modifier '+' in [/home/loyd/ss2/src/app/controllers/bets_controller.php, line 22]
2010-06-29 19:04:57 Warning: Warning (2): preg_match() [<a href='http://php.net/function.preg-match'>function.preg-match</a>]: Unknown modifier '+' in [/home/loyd/ss2/src/app/controllers/bets_controller.php, line 27]
2010-06-29 19:04:57 Warning: Warning (2): preg_match() [<a href='http://php.net/function.preg-match'>function.preg-match</a>]: Unknown modifier '+' in [/home/loyd/ss2/src/app/controllers/bets_controller.php, line 22]
2010-06-29 19:04:57 Warning: Warning (2): preg_match() [<a href='http://php.net/function.preg-match'>function.preg-match</a>]: Unknown modifier '+' in [/home/loyd/ss2/src/app/controllers/bets_controller.php, line 27]
2010-06-29 19:04:59 Warning: Warning (2): preg_match() [<a href='http://php.net/function.preg-match'>function.preg-match</a>]: Unknown modifier '+' in [/home/loyd/ss2/src/app/controllers/bets_controller.php, line 22]
2010-06-29 19:04:59 Warning: Warning (2): preg_match() [<a href='http://php.net/function.preg-match'>function.preg-match</a>]: Unknown modifier '+' in [/home/loyd/ss2/src/app/controllers/bets_controller.php, line 27]
2010-06-29 19:04:59 Warning: Warning (2): preg_match() [<a href='http://php.net/function.preg-match'>function.preg-match</a>]: Unknown modifier '+' in [/home/loyd/ss2/src/app/controllers/bets_controller.php, line 22]
2010-06-29 19:04:59 Warning: Warning (2): preg_match() [<a href='http://php.net/function.preg-match'>function.preg-match</a>]: Unknown modifier '+' in [/home/loyd/ss2/src/app/controllers/bets_controller.php, line 27]
2010-06-29 19:04:59 Warning: Warning (2): preg_match() [<a href='http://php.net/function.preg-match'>function.preg-match</a>]: Unknown modifier '+' in [/home/loyd/ss2/src/app/controllers/bets_controller.php, line 22]
2010-06-29 19:04:59 Warning: Warning (2): preg_match() [<a href='http://php.net/function.preg-match'>function.preg-match</a>]: Unknown modifier '+' in [/home/loyd/ss2/src/app/controllers/bets_controller.php, line 27]
2010-06-29 19:05:00 Warning: Warning (2): preg_match() [<a href='http://php.net/function.preg-match'>function.preg-match</a>]: Unknown modifier '+' in [/home/loyd/ss2/src/app/controllers/bets_controller.php, line 22]
2010-06-29 19:05:00 Warning: Warning (2): preg_match() [<a href='http://php.net/function.preg-match'>function.preg-match</a>]: Unknown modifier '+' in [/home/loyd/ss2/src/app/controllers/bets_controller.php, line 27]
2010-06-29 19:05:00 Warning: Warning (2): preg_match() [<a href='http://php.net/function.preg-match'>function.preg-match</a>]: Unknown modifier '+' in [/home/loyd/ss2/src/app/controllers/bets_controller.php, line 22]
2010-06-29 19:05:00 Warning: Warning (2): preg_match() [<a href='http://php.net/function.preg-match'>function.preg-match</a>]: Unknown modifier '+' in [/home/loyd/ss2/src/app/controllers/bets_controller.php, line 27]
2010-06-29 19:06:07 Warning: Warning (2): preg_match() [<a href='http://php.net/function.preg-match'>function.preg-match</a>]: Unknown modifier '+' in [/home/loyd/ss2/src/app/controllers/bets_controller.php, line 22]
2010-06-29 19:06:07 Warning: Warning (2): preg_match() [<a href='http://php.net/function.preg-match'>function.preg-match</a>]: Unknown modifier '+' in [/home/loyd/ss2/src/app/controllers/bets_controller.php, line 28]
2010-06-29 19:06:14 Warning: Warning (2): preg_match() [<a href='http://php.net/function.preg-match'>function.preg-match</a>]: Unknown modifier '+' in [/home/loyd/ss2/src/app/controllers/bets_controller.php, line 22]
2010-06-29 19:06:14 Warning: Warning (2): preg_match() [<a href='http://php.net/function.preg-match'>function.preg-match</a>]: Unknown modifier '+' in [/home/loyd/ss2/src/app/controllers/bets_controller.php, line 28]
2010-06-29 19:06:14 Warning: Warning (2): preg_match() [<a href='http://php.net/function.preg-match'>function.preg-match</a>]: Unknown modifier '+' in [/home/loyd/ss2/src/app/controllers/bets_controller.php, line 22]
2010-06-29 19:06:14 Warning: Warning (2): preg_match() [<a href='http://php.net/function.preg-match'>function.preg-match</a>]: Unknown modifier '+' in [/home/loyd/ss2/src/app/controllers/bets_controller.php, line 28]
2010-06-29 19:06:15 Warning: Warning (2): preg_match() [<a href='http://php.net/function.preg-match'>function.preg-match</a>]: Unknown modifier '+' in [/home/loyd/ss2/src/app/controllers/bets_controller.php, line 22]
2010-06-29 19:06:15 Warning: Warning (2): preg_match() [<a href='http://php.net/function.preg-match'>function.preg-match</a>]: Unknown modifier '+' in [/home/loyd/ss2/src/app/controllers/bets_controller.php, line 28]
2010-06-29 19:06:15 Warning: Warning (2): preg_match() [<a href='http://php.net/function.preg-match'>function.preg-match</a>]: Unknown modifier '+' in [/home/loyd/ss2/src/app/controllers/bets_controller.php, line 22]
2010-06-29 19:06:15 Warning: Warning (2): preg_match() [<a href='http://php.net/function.preg-match'>function.preg-match</a>]: Unknown modifier '+' in [/home/loyd/ss2/src/app/controllers/bets_controller.php, line 28]
2010-06-29 19:06:32 Warning: Warning (2): preg_match() [<a href='http://php.net/function.preg-match'>function.preg-match</a>]: Unknown modifier '+' in [/home/loyd/ss2/src/app/controllers/bets_controller.php, line 22]
2010-06-29 19:06:32 Warning: Warning (2): preg_match() [<a href='http://php.net/function.preg-match'>function.preg-match</a>]: Unknown modifier '+' in [/home/loyd/ss2/src/app/controllers/bets_controller.php, line 28]
2010-06-29 19:06:42 Warning: Warning (2): preg_match() [<a href='http://php.net/function.preg-match'>function.preg-match</a>]: Unknown modifier '+' in [/home/loyd/ss2/src/app/controllers/bets_controller.php, line 22]
2010-06-29 19:06:42 Warning: Warning (2): preg_match() [<a href='http://php.net/function.preg-match'>function.preg-match</a>]: Unknown modifier '+' in [/home/loyd/ss2/src/app/controllers/bets_controller.php, line 28]
2010-06-29 19:11:50 Warning: Warning (2): preg_match() [<a href='http://php.net/function.preg-match'>function.preg-match</a>]: No ending delimiter '%' found in [/home/loyd/ss2/src/app/controllers/bets_controller.php, line 22]
2010-06-29 19:11:55 Warning: Warning (2): preg_match() [<a href='http://php.net/function.preg-match'>function.preg-match</a>]: No ending delimiter '%' found in [/home/loyd/ss2/src/app/controllers/bets_controller.php, line 22]
2010-06-29 19:11:56 Warning: Warning (2): preg_match() [<a href='http://php.net/function.preg-match'>function.preg-match</a>]: No ending delimiter '%' found in [/home/loyd/ss2/src/app/controllers/bets_controller.php, line 22]
2010-06-29 19:11:57 Warning: Warning (2): preg_match() [<a href='http://php.net/function.preg-match'>function.preg-match</a>]: No ending delimiter '%' found in [/home/loyd/ss2/src/app/controllers/bets_controller.php, line 22]
2010-06-29 19:11:57 Warning: Warning (2): preg_match() [<a href='http://php.net/function.preg-match'>function.preg-match</a>]: No ending delimiter '%' found in [/home/loyd/ss2/src/app/controllers/bets_controller.php, line 22]
2010-06-29 19:11:58 Warning: Warning (2): preg_match() [<a href='http://php.net/function.preg-match'>function.preg-match</a>]: No ending delimiter '%' found in [/home/loyd/ss2/src/app/controllers/bets_controller.php, line 22]
2010-06-29 19:11:58 Warning: Warning (2): preg_match() [<a href='http://php.net/function.preg-match'>function.preg-match</a>]: No ending delimiter '%' found in [/home/loyd/ss2/src/app/controllers/bets_controller.php, line 22]
2010-06-29 19:11:58 Warning: Warning (2): preg_match() [<a href='http://php.net/function.preg-match'>function.preg-match</a>]: No ending delimiter '%' found in [/home/loyd/ss2/src/app/controllers/bets_controller.php, line 22]
2010-06-29 19:11:59 Warning: Warning (2): preg_match() [<a href='http://php.net/function.preg-match'>function.preg-match</a>]: No ending delimiter '%' found in [/home/loyd/ss2/src/app/controllers/bets_controller.php, line 22]
2010-06-29 19:12:00 Warning: Warning (2): preg_match() [<a href='http://php.net/function.preg-match'>function.preg-match</a>]: No ending delimiter '%' found in [/home/loyd/ss2/src/app/controllers/bets_controller.php, line 22]
2010-06-29 19:12:00 Warning: Warning (2): preg_match() [<a href='http://php.net/function.preg-match'>function.preg-match</a>]: No ending delimiter '%' found in [/home/loyd/ss2/src/app/controllers/bets_controller.php, line 22]
2010-06-29 19:12:00 Warning: Warning (2): preg_match() [<a href='http://php.net/function.preg-match'>function.preg-match</a>]: No ending delimiter '%' found in [/home/loyd/ss2/src/app/controllers/bets_controller.php, line 22]
2010-06-29 19:12:11 Warning: Warning (2): preg_match() [<a href='http://php.net/function.preg-match'>function.preg-match</a>]: No ending delimiter '%' found in [/home/loyd/ss2/src/app/controllers/bets_controller.php, line 22]
2010-07-04 15:42:42 Warning: Warning (2): Invalid argument supplied for foreach() in [/home/loyd/ss2/src/app/views/bets/ajax.ctp, line 3]
2010-07-04 15:42:43 Warning: Warning (2): Invalid argument supplied for foreach() in [/home/loyd/ss2/src/app/views/bets/ajax.ctp, line 3]
2010-07-04 15:51:37 Warning: Warning (512): <span style="color:Red;text-align:left"><b>SQL Error:</b> 1054: Unknown column 'Score.scoreid' in 'where clause'</span> in [/home/loyd/ss2/src/cake/libs/model/datasources/dbo_source.php, line 666]
2010-07-04 15:52:10 Warning: Warning (512): <span style="color:Red;text-align:left"><b>SQL Error:</b> 1054: Unknown column 'Score.scoreid' in 'where clause'</span> in [/home/loyd/ss2/src/cake/libs/model/datasources/dbo_source.php, line 666]
2010-07-04 15:53:12 Warning: Warning (512): <span style="color:Red;text-align:left"><b>SQL Error:</b> 1054: Unknown column 'Score.scoreid' in 'where clause'</span> in [/home/loyd/ss2/src/cake/libs/model/datasources/dbo_source.php, line 666]
2010-07-04 15:55:26 Warning: Warning (512): <span style="color:Red;text-align:left"><b>SQL Error:</b> 1054: Unknown column 'Score.scoreid' in 'where clause'</span> in [/home/loyd/ss2/src/cake/libs/model/datasources/dbo_source.php, line 666]
2010-07-04 16:21:00 Warning: Warning (512): <span style="color:Red;text-align:left"><b>SQL Error:</b> 1064: You have an error in your SQL syntax; check the manual that corresponds to your MySQL server version for the right syntax to use near 'DISTINCT `Odd`.`type` FROM `odds` AS `Odd`   WHERE `scoreid` = 502   ORDER BY `c' at line 1</span> in [/home/loyd/ss2/src/cake/libs/model/datasources/dbo_source.php, line 666]
2010-07-04 16:21:55 Warning: Warning (512): <span style="color:Red;text-align:left"><b>SQL Error:</b> 1064: You have an error in your SQL syntax; check the manual that corresponds to your MySQL server version for the right syntax to use near 'DISTINCT (type) FROM `odds` AS `Odd`   WHERE `scoreid` = 509   ORDER BY `created' at line 1</span> in [/home/loyd/ss2/src/cake/libs/model/datasources/dbo_source.php, line 666]
2010-07-05 14:42:38 Warning: Warning (512): <span style="color:Red;text-align:left"><b>SQL Error:</b> 1064: You have an error in your SQL syntax; check the manual that corresponds to your MySQL server version for the right syntax to use near 'getName' at line 1</span> in [/home/loyd/ss2/src/cake/libs/model/datasources/dbo_source.php, line 666]
2010-07-05 15:34:05 Warning: Warning (2): array_keys() [<a href='http://php.net/function.array-keys'>function.array-keys</a>]: The first argument should be an array in [/home/loyd/ss2/src/app/controllers/bets_controller.php, line 83]
2010-07-05 15:34:05 Warning: Warning (2): Invalid argument supplied for foreach() in [/home/loyd/ss2/src/app/controllers/bets_controller.php, line 83]
2010-07-05 17:03:28 Warning: Warning (512): <span style="color:Red;text-align:left"><b>SQL Error:</b> 1054: Unknown column 'group' in 'where clause'</span> in [/home/loyd/ss2/src/cake/libs/model/datasources/dbo_source.php, line 666]
2010-08-09 09:40:58 Warning: Warning (2): array_keys() [<a href='http://php.net/function.array-keys'>function.array-keys</a>]: The first argument should be an array in [/home/loyd/ss2/src/app/controllers/bets_controller.php, line 85]
2010-08-09 09:40:58 Warning: Warning (2): Invalid argument supplied for foreach() in [/home/loyd/ss2/src/app/controllers/bets_controller.php, line 85]
2010-08-24 11:45:50 Warning: Warning (2): array_keys() [<a href='http://php.net/function.array-keys'>function.array-keys</a>]: The first argument should be an array in [/home/loyd/ss2/src/app/controllers/bets_controller.php, line 85]
2010-08-24 11:45:50 Warning: Warning (2): Invalid argument supplied for foreach() in [/home/loyd/ss2/src/app/controllers/bets_controller.php, line 85]
2010-08-24 12:37:19 Warning: Warning (2): array_keys() [<a href='http://php.net/function.array-keys'>function.array-keys</a>]: The first argument should be an array in [/home/loyd/ss2/src/app/controllers/bets_controller.php, line 85]
2010-08-24 12:37:19 Warning: Warning (2): Invalid argument supplied for foreach() in [/home/loyd/ss2/src/app/controllers/bets_controller.php, line 85]
2010-08-24 12:54:25 Warning: Warning (2): array_keys() [<a href='http://php.net/function.array-keys'>function.array-keys</a>]: The first argument should be an array in [/home/loyd/ss2/src/app/controllers/bets_controller.php, line 85]
2010-08-24 12:54:25 Warning: Warning (2): Invalid argument supplied for foreach() in [/home/loyd/ss2/src/app/controllers/bets_controller.php, line 85]
2010-08-28 16:37:22 Warning: Warning (2): Invalid argument supplied for foreach() in [/home/loyd/ss2/src/app/controllers/bets_controller.php, line 116]
2010-08-28 16:37:22 Warning: Warning (2): Invalid argument supplied for foreach() in [/home/loyd/ss2/src/app/views/bets/createbets.ctp, line 3]
2010-08-28 16:37:45 Warning: Warning (2): array_keys() [<a href='http://php.net/function.array-keys'>function.array-keys</a>]: The first argument should be an array in [/home/loyd/ss2/src/app/controllers/bets_controller.php, line 85]
2010-08-28 16:37:45 Warning: Warning (2): Invalid argument supplied for foreach() in [/home/loyd/ss2/src/app/controllers/bets_controller.php, line 85]
2010-08-28 16:37:45 Warning: Warning (2): Invalid argument supplied for foreach() in [/home/loyd/ss2/src/app/views/bets/createbets.ctp, line 3]
2010-08-28 16:38:59 Warning: Warning (2): array_keys() [<a href='http://php.net/function.array-keys'>function.array-keys</a>]: The first argument should be an array in [/home/loyd/ss2/src/app/controllers/bets_controller.php, line 85]
2010-08-28 16:38:59 Warning: Warning (2): Invalid argument supplied for foreach() in [/home/loyd/ss2/src/app/controllers/bets_controller.php, line 85]
2010-08-28 16:38:59 Warning: Warning (2): Invalid argument supplied for foreach() in [/home/loyd/ss2/src/app/views/bets/createbets.ctp, line 3]
2010-08-28 16:39:06 Warning: Warning (2): array_keys() [<a href='http://php.net/function.array-keys'>function.array-keys</a>]: The first argument should be an array in [/home/loyd/ss2/src/app/controllers/bets_controller.php, line 85]
2010-08-28 16:39:06 Warning: Warning (2): Invalid argument supplied for foreach() in [/home/loyd/ss2/src/app/controllers/bets_controller.php, line 85]
2010-08-28 16:39:06 Warning: Warning (2): Invalid argument supplied for foreach() in [/home/loyd/ss2/src/app/views/bets/createbets.ctp, line 3]
2010-08-28 16:39:45 Warning: Warning (2): Missing argument 2 for UserBet::create(), called in /home/loyd/ss2/src/app/controllers/bets_controller.php on line 117 and defined in [/home/loyd/ss2/src/app/models/user_bet.php, line 9]
2010-08-28 17:10:02 Warning: Warning (2): Invalid argument supplied for foreach() in [/home/loyd/ss2/src/app/views/bets/createbets.ctp, line 3]
2010-08-28 17:11:17 Warning: Warning (2): Invalid argument supplied for foreach() in [/home/loyd/ss2/src/app/views/bets/createbets.ctp, line 3]
2010-08-28 17:15:05 Warning: Warning (2): Invalid argument supplied for foreach() in [/home/loyd/ss2/src/app/views/bets/createbets.ctp, line 3]
2010-08-28 17:44:52 Warning: Warning (512): <span style="color:Red;text-align:left"><b>SQL Error:</b> 1054: Unknown column 'Score.scoreid' in 'on clause'</span> in [/home/loyd/ss2/src/cake/libs/model/datasources/dbo_source.php, line 666]
2010-08-28 17:44:52 Warning: Warning (2): Invalid argument supplied for foreach() in [/home/loyd/ss2/src/app/models/user_bet.php, line 37]
2010-08-28 19:08:03 Warning: Warning (512): <span style="color:Red;text-align:left"><b>SQL Error:</b> 1048: Column 'game_date' cannot be null</span> in [/home/loyd/ss2/src/cake/libs/model/datasources/dbo_source.php, line 666]
2010-08-28 20:10:12 Warning: Warning (512): <span style="color:Red;text-align:left"><b>SQL Error:</b> 1048: Column 'direction' cannot be null</span> in [/home/loyd/ss2/src/cake/libs/model/datasources/dbo_source.php, line 666]
2010-08-28 20:10:12 Warning: Warning (512): <span style="color:Red;text-align:left"><b>SQL Error:</b> 1048: Column 'scoreid' cannot be null</span> in [/home/loyd/ss2/src/cake/libs/model/datasources/dbo_source.php, line 666]
2010-08-28 20:11:40 Warning: Warning (512): <span style="color:Red;text-align:left"><b>SQL Error:</b> 1048: Column 'direction' cannot be null</span> in [/home/loyd/ss2/src/cake/libs/model/datasources/dbo_source.php, line 666]
2010-08-28 20:11:40 Warning: Warning (512): <span style="color:Red;text-align:left"><b>SQL Error:</b> 1048: Column 'risk' cannot be null</span> in [/home/loyd/ss2/src/cake/libs/model/datasources/dbo_source.php, line 666]
2010-08-28 20:12:21 Warning: Warning (512): <span style="color:Red;text-align:left"><b>SQL Error:</b> 1452: Cannot add or update a child row: a foreign key constraint fails (`ssdb/user_bets`, CONSTRAINT `user_bets_ibfk_7` FOREIGN KEY (`scoreid`) REFERENCES `scores` (`id`))</span> in [/home/loyd/ss2/src/cake/libs/model/datasources/dbo_source.php, line 666]
2010-08-28 20:12:21 Warning: Warning (512): <span style="color:Red;text-align:left"><b>SQL Error:</b> 1048: Column 'risk' cannot be null</span> in [/home/loyd/ss2/src/cake/libs/model/datasources/dbo_source.php, line 666]
2010-08-28 20:13:04 Warning: Warning (512): <span style="color:Red;text-align:left"><b>SQL Error:</b> 1452: Cannot add or update a child row: a foreign key constraint fails (`ssdb/user_bets`, CONSTRAINT `user_bets_ibfk_7` FOREIGN KEY (`scoreid`) REFERENCES `scores` (`id`))</span> in [/home/loyd/ss2/src/cake/libs/model/datasources/dbo_source.php, line 666]
2010-08-28 20:14:18 Warning: Warning (512): <span style="color:Red;text-align:left"><b>SQL Error:</b> 1452: Cannot add or update a child row: a foreign key constraint fails (`ssdb/user_bets`, CONSTRAINT `user_bets_ibfk_7` FOREIGN KEY (`scoreid`) REFERENCES `scores` (`id`))</span> in [/home/loyd/ss2/src/cake/libs/model/datasources/dbo_source.php, line 666]
2010-08-28 20:17:07 Warning: Warning (512): <span style="color:Red;text-align:left"><b>SQL Error:</b> 1452: Cannot add or update a child row: a foreign key constraint fails (`ssdb/user_bets`, CONSTRAINT `user_bets_ibfk_7` FOREIGN KEY (`scoreid`) REFERENCES `scores` (`id`))</span> in [/home/loyd/ss2/src/cake/libs/model/datasources/dbo_source.php, line 666]
2010-09-02 22:06:03 Warning: Warning (2): Missing argument 2 for Controller::flash(), called in /home/loyd/ss2/src/app/controllers/users_controller.php on line 37 and defined in [/home/loyd/ss2/src/cake/libs/controller/controller.php, line 973]
